<?xml version="1.0" encoding="UTF-8"?>
<testsuite name="ru.stqa.pft.sandbox.PointTests" tests="2" skipped="0" failures="0" errors="0" timestamp="2019-07-04T10:04:51" hostname="DESKTOP-ROO87MV" time="0.007">
  <properties/>
  <testcase name="testDistance1" classname="ru.stqa.pft.sandbox.PointTests" time="0.006"/>
  <testcase name="testDistance2" classname="ru.stqa.pft.sandbox.PointTests" time="0.0"/>
  <system-out><![CDATA[]]></system-out>
  <system-err><![CDATA[]]></system-err>
</testsuite>
