<?xml version="1.0" encoding="UTF-8"?>
<testsuite name="ru.stqa.pft.addressbook.tests.ContactEditTests" tests="1" skipped="0" failures="0" errors="0" timestamp="2019-07-10T13:44:05" hostname="DESKTOP-ROO87MV" time="3.785">
  <properties/>
  <testcase name="testContactEdit" classname="ru.stqa.pft.addressbook.tests.ContactEditTests" time="3.785"/>
  <system-out><![CDATA[]]></system-out>
  <system-err><![CDATA[1562766242073	mozrunner::runner	INFO	Running command: "C:\\Program Files\\Mozilla Firefox\\firefox.exe" "-marionette" "-foreground" "-no-remote" "-profile" "C:\\Users\\Dell\\AppData\\Local\\Temp\\rust_mozprofile.phXpxZ10FfZD"
1562766242762	addons.webextension.screenshots@mozilla.org	WARN	Loading extension 'screenshots@mozilla.org': Reading manifest: Invalid extension permission: mozillaAddons
1562766242762	addons.webextension.screenshots@mozilla.org	WARN	Loading extension 'screenshots@mozilla.org': Reading manifest: Invalid extension permission: telemetry
1562766242763	addons.webextension.screenshots@mozilla.org	WARN	Loading extension 'screenshots@mozilla.org': Reading manifest: Invalid extension permission: resource://pdf.js/
1562766242763	addons.webextension.screenshots@mozilla.org	WARN	Loading extension 'screenshots@mozilla.org': Reading manifest: Invalid extension permission: about:reader*
1562766244797	Marionette	INFO	Listening on port 49992
1562766244810	Marionette	WARN	TLS certificate errors will be ignored for this session
июл 10, 2019 8:44:04 PM org.openqa.selenium.remote.ProtocolHandshake createSession
INFO: Detected dialect: W3C
1562766249749	Marionette	INFO	Stopped listening on port 49992
[Child 6956, Chrome_ChildThread] WARNING: pipe error: 109: file z:/task_1562361253/build/src/ipc/chromium/src/chrome/common/ipc_channel_win.cc, line 341
[Child 6956, Chrome_ChildThread] WARNING: pipe error: 10[Child 35616, Chrome_ChildThread] WARNING: pipe error: 109: file z:/task_1562361253/build/src/ipc/chromium/src/chrome/common/ipc_channel_win.cc, line 341
[Child 35616, Chrome_ChildThread] WARNING: pipe error: 109: file z:/t[Parent 11364, Gecko_IOThread] WARNING: pipe error: 109: file z:/task_1562361253/build/src/ipc/chromium/src/chrome/common/ipc_channel_win.cc, line 341
[Child 35884, Chrome_ChildThread] WARNING: pipe error: 109: file z:/task_1562361253/build/src/ipc/chromium/src/chrome/common/ipc_channel_win.cc, line 341
[Child 35884, Chrome_ChildThread] WARNING: pipe error: 109: file z:/task_1562361253/build/src[GPU 17472
###!!! [Child][RunMessage] Error: Channel closing: too late to send/recv, messages will be lost

, Chrome_Chil
###!!! [Child][MessageChannel::SendAndWait] Error: Channel error: cannot send/recv

]]></system-err>
</testsuite>
